[15-Apr-2022 14:54:37 UTC] PHP Warning:  Use of undefined constant understrap - assumed 'understrap' (this will throw an Error in a future version of PHP) in /Users/dave/Local Sites/mytestsite/app/public/wp-content/themes/understrap-child/footer.php on line 29
[15-Apr-2022 14:54:37 UTC] PHP Stack trace:
[15-Apr-2022 14:54:37 UTC] PHP   1. {main}() /Users/dave/Local Sites/mytestsite/app/public/index.php:0
[15-Apr-2022 14:54:37 UTC] PHP   2. require() /Users/dave/Local Sites/mytestsite/app/public/index.php:17
[15-Apr-2022 14:54:37 UTC] PHP   3. require_once() /Users/dave/Local Sites/mytestsite/app/public/wp-blog-header.php:19
[15-Apr-2022 14:54:37 UTC] PHP   4. include() /Users/dave/Local Sites/mytestsite/app/public/wp-includes/template-loader.php:106
[15-Apr-2022 14:54:37 UTC] PHP   5. get_footer() /Users/dave/Local Sites/mytestsite/app/public/wp-content/themes/understrap/single.php:51
[15-Apr-2022 14:54:37 UTC] PHP   6. locate_template() /Users/dave/Local Sites/mytestsite/app/public/wp-includes/general-template.php:92
[15-Apr-2022 14:54:37 UTC] PHP   7. load_template() /Users/dave/Local Sites/mytestsite/app/public/wp-includes/template.php:716
[15-Apr-2022 14:54:37 UTC] PHP   8. require_once() /Users/dave/Local Sites/mytestsite/app/public/wp-includes/template.php:770
[15-Apr-2022 14:54:37 UTC] PHP Fatal error:  Uncaught Error: Call to undefined function child_site_info() in /Users/dave/Local Sites/mytestsite/app/public/wp-content/themes/understrap-child/footer.php:29
Stack trace:
#0 /Users/dave/Local Sites/mytestsite/app/public/wp-includes/template.php(770): require_once()
#1 /Users/dave/Local Sites/mytestsite/app/public/wp-includes/template.php(716): load_template('/Users/dave/Loc...', true, Array)
#2 /Users/dave/Local Sites/mytestsite/app/public/wp-includes/general-template.php(92): locate_template(Array, true, true, Array)
#3 /Users/dave/Local Sites/mytestsite/app/public/wp-content/themes/understrap/single.php(51): get_footer()
#4 /Users/dave/Local Sites/mytestsite/app/public/wp-includes/template-loader.php(106): include('/Users/dave/Loc...')
#5 /Users/dave/Local Sites/mytestsite/app/public/wp-blog-header.php(19): require_once('/Users/dave/Loc...')
#6 /Users/dave/Local Sites/mytestsite/app/public/index.php(17): require('/Users/dave/Loc...')
#7 {main}
  thrown in /Users/dave/Local Sites/mytestsite/app/public/wp-content/themes/understrap-child/footer.php on line 29
[15-Apr-2022 14:55:10 UTC] PHP Warning:  Use of undefined constant understrap - assumed 'understrap' (this will throw an Error in a future version of PHP) in /Users/dave/Local Sites/mytestsite/app/public/wp-content/themes/understrap-child/footer.php on line 29
[15-Apr-2022 14:55:10 UTC] PHP Stack trace:
[15-Apr-2022 14:55:10 UTC] PHP   1. {main}() /Users/dave/Local Sites/mytestsite/app/public/index.php:0
[15-Apr-2022 14:55:10 UTC] PHP   2. require() /Users/dave/Local Sites/mytestsite/app/public/index.php:17
[15-Apr-2022 14:55:10 UTC] PHP   3. require_once() /Users/dave/Local Sites/mytestsite/app/public/wp-blog-header.php:19
[15-Apr-2022 14:55:10 UTC] PHP   4. include() /Users/dave/Local Sites/mytestsite/app/public/wp-includes/template-loader.php:106
[15-Apr-2022 14:55:10 UTC] PHP   5. get_footer() /Users/dave/Local Sites/mytestsite/app/public/wp-content/themes/understrap/single.php:51
[15-Apr-2022 14:55:10 UTC] PHP   6. locate_template() /Users/dave/Local Sites/mytestsite/app/public/wp-includes/general-template.php:92
[15-Apr-2022 14:55:10 UTC] PHP   7. load_template() /Users/dave/Local Sites/mytestsite/app/public/wp-includes/template.php:716
[15-Apr-2022 14:55:10 UTC] PHP   8. require_once() /Users/dave/Local Sites/mytestsite/app/public/wp-includes/template.php:770
[15-Apr-2022 14:55:10 UTC] PHP Fatal error:  Uncaught Error: Call to undefined function child_site_info() in /Users/dave/Local Sites/mytestsite/app/public/wp-content/themes/understrap-child/footer.php:29
Stack trace:
#0 /Users/dave/Local Sites/mytestsite/app/public/wp-includes/template.php(770): require_once()
#1 /Users/dave/Local Sites/mytestsite/app/public/wp-includes/template.php(716): load_template('/Users/dave/Loc...', true, Array)
#2 /Users/dave/Local Sites/mytestsite/app/public/wp-includes/general-template.php(92): locate_template(Array, true, true, Array)
#3 /Users/dave/Local Sites/mytestsite/app/public/wp-content/themes/understrap/single.php(51): get_footer()
#4 /Users/dave/Local Sites/mytestsite/app/public/wp-includes/template-loader.php(106): include('/Users/dave/Loc...')
#5 /Users/dave/Local Sites/mytestsite/app/public/wp-blog-header.php(19): require_once('/Users/dave/Loc...')
#6 /Users/dave/Local Sites/mytestsite/app/public/index.php(17): require('/Users/dave/Loc...')
#7 {main}
  thrown in /Users/dave/Local Sites/mytestsite/app/public/wp-content/themes/understrap-child/footer.php on line 29
[15-Apr-2022 15:06:04 UTC] PHP Parse error:  syntax error, unexpected ''items_wrap'' (T_CONSTANT_ENCAPSED_STRING), expecting ')' in /Users/dave/Local Sites/mytestsite/app/public/wp-content/themes/understrap-child/header.php on line 40
[15-Apr-2022 15:06:04 UTC] PHP Fatal error:  Exception thrown without a stack frame in Unknown on line 0
